SF:lib\src\models\settings\color\color_profile.dart
DA:22,4
DA:23,4
DA:24,12
DA:25,2
DA:33,16
DA:42,3
DA:43,5
DA:44,5
DA:45,6
DA:46,6
DA:47,4
DA:92,2
DA:98,2
DA:105,3
DA:111,3
DA:117,2
DA:125,2
DA:131,2
DA:132,2
DA:133,2
DA:134,2
DA:135,2
DA:138,2
DA:144,2
DA:145,6
DA:146,6
DA:147,6
DA:148,6
DA:151,2
DA:153,6
DA:154,6
DA:155,6
DA:156,4
DA:158,2
DA:159,4
DA:160,2
DA:161,2
DA:162,2
LF:38
LH:38
end_of_record
SF:lib\src\models\settings\color\color_settings.dart
DA:9,32
DA:28,4
DA:32,4
DA:34,4
DA:35,3
DA:38,7
DA:44,6
DA:45,18
DA:46,18
DA:49,3
DA:51,15
LF:11
LH:11
end_of_record
SF:lib\src\models\settings\text\text_settings.dart
DA:16,33
DA:55,5
DA:65,5
DA:66,5
DA:67,5
DA:68,5
DA:69,4
DA:70,5
DA:71,5
DA:72,5
DA:75,8
DA:81,7
DA:82,21
DA:83,21
DA:84,21
DA:85,21
DA:86,15
DA:87,15
DA:88,15
DA:91,3
DA:93,9
DA:94,9
DA:95,9
DA:96,9
DA:97,9
DA:98,9
DA:99,6
LF:27
LH:27
end_of_record
SF:lib\src\models\settings\theme\theme_profile.dart
DA:31,1
DA:32,1
DA:33,3
DA:34,1
DA:42,11
DA:61,3
DA:62,6
DA:63,2
DA:64,2
DA:65,1
DA:68,3
DA:75,1
DA:85,1
DA:96,1
DA:101,1
DA:102,1
DA:103,1
DA:104,1
DA:107,1
DA:110,1
DA:111,3
DA:112,3
DA:113,3
DA:114,3
DA:116,1
DA:118,8
DA:120,1
DA:121,1
DA:122,1
DA:123,1
DA:124,1
LF:31
LH:31
end_of_record
SF:lib\src\models\themes\app_themes.dart
DA:203,3
DA:238,3
DA:247,3
DA:248,3
DA:253,3
DA:258,3
DA:263,3
DA:268,3
DA:273,3
DA:282,2
DA:290,2
DA:291,0
DA:292,0
DA:294,2
DA:296,2
DA:298,2
DA:300,2
DA:303,2
DA:308,2
DA:309,6
DA:310,6
DA:311,6
DA:312,6
DA:313,6
DA:314,6
DA:317,2
DA:319,6
DA:320,6
DA:321,6
DA:322,6
DA:323,6
DA:324,4
DA:326,2
DA:327,4
DA:328,2
DA:329,2
DA:330,2
DA:331,2
DA:332,2
LF:39
LH:37
end_of_record
SF:lib\src\services\shared_preferences_service.dart
DA:11,0
DA:184,3
DA:189,3
LF:3
LH:2
end_of_record
SF:lib\src\view\providers\accessibility_settings_inherited.dart
DA:16,3
DA:27,6
DA:30,6
DA:33,9
DA:36,6
DA:39,6
DA:42,2
DA:43,4
DA:47,2
DA:48,4
DA:52,2
DA:55,4
DA:61,2
DA:64,4
DA:70,2
DA:71,4
DA:75,2
DA:76,4
DA:80,2
DA:81,4
DA:85,2
DA:86,4
DA:90,2
DA:91,4
DA:95,2
DA:96,4
DA:99,6
DA:103,3
DA:105,3
DA:107,3
DA:113,2
DA:115,6
LF:32
LH:32
end_of_record
SF:lib\src\view\view_models\accessibility_settings_view_model.dart
DA:16,3
DA:19,3
DA:27,3
DA:32,3
DA:33,3
DA:34,3
DA:35,3
DA:46,4
DA:49,4
DA:52,6
DA:55,4
DA:58,2
DA:59,4
DA:60,4
DA:61,4
DA:62,4
DA:66,4
DA:74,2
DA:75,2
DA:76,2
DA:77,2
DA:78,2
DA:79,2
DA:80,2
DA:86,2
DA:87,10
DA:94,2
DA:97,10
DA:106,2
DA:110,2
DA:112,14
DA:113,2
DA:114,2
DA:115,10
DA:122,2
DA:123,10
DA:124,2
DA:130,2
DA:131,10
DA:132,2
DA:138,2
DA:139,10
DA:146,3
DA:147,15
DA:154,3
DA:155,15
DA:162,2
DA:163,10
DA:169,2
DA:176,4
DA:179,4
DA:182,4
DA:185,4
DA:190,0
DA:196,0
DA:197,0
DA:198,0
DA:199,0
DA:200,0
DA:203,2
DA:208,2
DA:209,10
DA:210,0
DA:211,0
DA:212,0
DA:215,0
DA:217,0
DA:218,0
DA:219,0
DA:220,0
DA:222,0
DA:223,0
DA:224,0
DA:225,0
DA:226,0
DA:227,0
LF:76
LH:56
end_of_record
SF:lib\src\view\widgets\shared\accessibility_initializer.dart
DA:16,2
DA:35,2
DA:36,2
DA:37,2
DA:38,2
DA:40,2
DA:41,2
DA:43,2
LF:8
LH:8
end_of_record
SF:lib\src\view\widgets\shared\accessible_material_app.dart
DA:25,2
DA:73,0
DA:109,0
DA:559,2
DA:560,2
DA:564,2
DA:565,2
DA:566,2
DA:573,2
DA:574,4
DA:579,2
DA:580,4
DA:585,2
DA:587,4
DA:592,2
DA:593,4
DA:594,0
DA:599,8
DA:600,0
DA:601,0
DA:602,0
DA:603,0
DA:604,0
DA:605,0
DA:606,0
DA:607,0
DA:608,0
DA:614,0
DA:615,0
DA:616,0
DA:617,0
DA:619,0
DA:622,0
DA:623,0
DA:624,0
DA:626,0
DA:627,0
DA:628,0
DA:629,0
DA:630,0
DA:631,0
DA:633,0
DA:634,0
DA:636,0
DA:638,0
DA:639,0
DA:640,0
DA:641,0
DA:642,0
DA:643,0
DA:645,2
DA:646,4
DA:647,4
DA:648,4
DA:649,4
DA:650,4
DA:651,4
DA:652,4
DA:653,4
DA:654,4
DA:660,4
DA:661,0
DA:662,0
DA:663,0
DA:665,2
DA:668,2
DA:669,4
DA:670,2
DA:672,4
DA:673,4
DA:674,4
DA:675,4
DA:676,4
DA:677,4
DA:678,4
DA:680,4
DA:681,4
DA:683,4
DA:685,4
DA:686,4
DA:687,4
DA:688,4
DA:689,4
DA:690,4
LF:84
LH:46
end_of_record
SF:lib\src\core\animations\page_transitions.dart
DA:11,7
DA:13,2
DA:22,6
DA:26,2
LF:4
LH:4
end_of_record
SF:lib\src\core\extensions\accessible_theme_data.dart
DA:26,3
DA:32,3
DA:33,3
DA:34,3
DA:35,3
DA:56,3
DA:60,3
DA:63,1
DA:64,1
DA:65,1
DA:66,1
DA:67,1
DA:70,1
DA:71,2
DA:72,1
DA:73,2
DA:75,1
DA:76,1
DA:78,1
DA:79,2
DA:81,1
DA:82,1
DA:84,1
DA:85,2
DA:87,1
DA:88,1
DA:90,1
DA:91,2
DA:93,1
DA:94,1
DA:96,1
DA:97,2
DA:99,1
DA:100,1
DA:102,1
DA:103,2
DA:105,1
DA:106,1
DA:108,1
DA:109,2
DA:111,1
DA:112,1
DA:114,1
DA:115,2
DA:117,1
DA:118,1
DA:120,1
DA:121,2
DA:123,1
DA:124,1
DA:126,1
DA:127,2
DA:129,1
DA:130,1
DA:132,1
DA:133,2
DA:135,1
DA:136,1
DA:138,1
DA:139,2
DA:141,1
DA:142,1
DA:144,1
DA:145,2
DA:147,1
DA:148,1
DA:150,1
DA:151,2
DA:153,1
DA:154,1
DA:156,1
DA:157,2
DA:159,1
DA:160,1
DA:168,3
DA:172,3
DA:175,2
DA:176,2
DA:178,0
DA:180,1
DA:181,2
DA:185,2
DA:186,1
DA:187,2
DA:190,1
DA:191,2
DA:194,1
DA:195,2
DA:198,1
DA:199,2
DA:202,1
DA:203,2
DA:206,1
DA:207,2
DA:210,1
DA:211,2
DA:214,1
DA:215,2
DA:218,1
DA:219,2
DA:222,1
DA:223,2
DA:226,1
DA:227,2
DA:230,1
DA:231,2
DA:234,1
DA:235,2
DA:238,1
DA:239,2
DA:242,1
DA:243,2
DA:246,1
DA:247,2
DA:250,1
DA:251,2
DA:254,1
DA:255,2
DA:258,1
DA:259,2
DA:262,1
DA:263,2
DA:266,1
DA:267,2
DA:270,1
DA:271,2
DA:274,1
DA:275,2
DA:278,1
DA:279,2
DA:282,1
DA:283,2
DA:286,1
DA:287,2
DA:290,1
DA:291,2
DA:294,1
DA:295,2
DA:298,1
DA:299,2
DA:302,1
DA:303,2
DA:306,1
DA:307,2
DA:310,1
DA:311,2
DA:314,1
DA:315,2
DA:318,1
DA:319,2
DA:322,1
DA:323,2
DA:326,1
DA:327,2
DA:330,1
DA:331,2
DA:334,1
DA:335,2
DA:338,1
DA:339,2
DA:342,1
DA:343,2
DA:346,1
DA:347,2
DA:350,1
DA:351,2
DA:354,1
DA:355,2
DA:358,1
DA:359,2
DA:362,1
DA:363,2
DA:366,1
DA:367,2
DA:375,3
DA:379,3
DA:380,3
DA:383,3
DA:390,1
DA:391,1
DA:392,1
DA:396,2
DA:397,2
DA:408,1
DA:414,1
DA:415,2
DA:416,1
DA:418,2
DA:420,1
DA:422,2
DA:424,1
DA:426,2
DA:428,1
DA:430,1
DA:431,1
DA:432,1
DA:441,1
DA:442,1
DA:443,1
LF:199
LH:198
end_of_record
SF:lib\src\core\extensions\colors.dart
DA:20,2
DA:25,4
DA:28,2
DA:29,2
DA:31,4
DA:32,2
DA:33,2
DA:56,2
DA:60,2
DA:61,2
DA:62,4
DA:63,2
DA:65,4
DA:66,4
DA:67,4
DA:68,4
DA:69,4
DA:70,2
DA:72,4
DA:74,1
DA:75,1
DA:76,5
DA:81,2
DA:82,2
DA:86,1
DA:87,2
DA:88,2
DA:90,1
DA:93,1
DA:96,1
DA:103,1
DA:105,5
DA:106,2
DA:113,3
DA:114,3
DA:115,3
DA:116,3
DA:117,3
DA:118,3
DA:119,3
DA:120,3
DA:121,3
DA:122,3
DA:123,3
LF:44
LH:44
end_of_record
SF:lib\src\core\extensions\build_context.dart
DA:19,3
DA:37,4
DA:43,1
DA:44,1
DA:45,3
DA:66,3
DA:84,3
DA:88,1
DA:89,1
DA:93,1
DA:94,2
LF:11
LH:11
end_of_record
SF:lib\src\services\mock_shared_preferences_service.dart
DA:14,3
DA:15,3
DA:16,3
DA:25,2
DA:28,1
DA:29,2
DA:30,2
DA:33,1
DA:35,2
DA:36,2
DA:40,1
DA:42,2
DA:43,2
DA:47,1
DA:49,2
DA:50,2
DA:54,1
DA:56,2
DA:57,2
DA:61,1
DA:63,2
DA:64,2
DA:69,1
DA:71,2
DA:72,2
DA:76,1
DA:78,2
DA:79,2
DA:84,1
DA:86,2
DA:87,2
DA:91,1
DA:93,2
DA:94,2
DA:99,1
DA:101,2
DA:102,2
DA:106,1
DA:108,2
DA:109,2
DA:114,1
DA:116,2
DA:117,2
DA:122,1
DA:124,2
DA:125,2
DA:130,1
DA:134,2
DA:135,2
DA:139,1
DA:141,2
DA:142,2
DA:147,1
DA:149,2
DA:150,2
DA:154,0
DA:156,0
DA:157,0
DA:161,0
DA:163,0
DA:164,0
DA:168,1
DA:170,2
DA:171,2
DA:175,1
DA:177,2
DA:178,2
DA:182,1
DA:184,2
DA:185,2
DA:189,1
DA:191,2
DA:192,2
DA:196,1
DA:198,2
DA:199,2
DA:203,1
DA:207,2
DA:208,2
DA:212,1
DA:214,2
DA:215,2
DA:218,1
DA:220,2
DA:221,2
DA:225,1
DA:227,2
DA:228,2
DA:229,1
DA:232,1
DA:235,1
DA:236,1
DA:238,1
DA:239,1
DA:241,1
DA:242,1
DA:244,1
DA:245,1
DA:247,1
DA:248,1
DA:250,1
DA:251,1
DA:253,1
DA:256,1
DA:259,1
DA:265,1
DA:268,2
DA:270,3
DA:282,1
DA:283,1
DA:284,1
DA:285,1
DA:286,1
DA:287,1
DA:288,1
DA:289,1
DA:290,1
DA:291,1
DA:292,1
DA:301,1
DA:303,1
DA:306,1
DA:307,3
DA:308,0
LF:124
LH:117
end_of_record
SF:lib\src\view\providers\shared_preferences_inherited.dart
DA:12,3
DA:21,1
DA:22,2
DA:28,1
DA:31,2
DA:36,1
DA:37,2
DA:42,1
DA:45,2
DA:52,1
DA:53,2
DA:58,1
DA:59,2
DA:64,1
DA:67,2
DA:72,1
DA:75,2
DA:83,1
DA:84,2
DA:89,1
DA:90,2
DA:95,1
DA:98,2
DA:104,1
DA:105,2
DA:110,1
DA:113,2
DA:121,1
DA:122,2
DA:127,1
DA:130,2
DA:138,1
DA:139,2
DA:144,1
DA:147,2
DA:154,0
DA:157,0
DA:164,0
DA:165,0
DA:170,1
DA:173,2
DA:180,1
DA:181,2
DA:186,1
DA:189,2
DA:194,1
DA:195,2
DA:200,1
DA:203,2
DA:210,1
DA:211,2
DA:218,1
DA:219,2
DA:222,1
DA:223,2
DA:228,1
DA:231,2
DA:235,1
DA:237,1
DA:238,1
DA:242,1
LF:61
LH:57
end_of_record
SF:lib\src\core\l10n\generated\app_localizations.dart
DA:65,4
DA:66,8
DA:70,2
DA:71,2
DA:585,10
DA:587,4
DA:589,4
DA:590,4
DA:593,4
DA:595,12
DA:597,0
DA:601,4
DA:603,4
DA:604,4
DA:605,4
DA:606,0
DA:607,0
DA:610,0
LF:18
LH:14
end_of_record
SF:lib\src\view\widgets\shared\theme_settings_builder.dart
DA:26,2
DA:31,2
DA:32,2
DA:38,2
DA:40,2
DA:41,6
DA:44,2
DA:46,4
DA:47,2
DA:50,2
DA:51,2
DA:52,4
DA:53,4
DA:54,4
DA:55,4
DA:56,2
DA:57,2
DA:58,4
DA:59,8
LF:19
LH:19
end_of_record
SF:lib\src\view\widgets\shared\effects_setting_listenable_builder.dart
DA:31,2
DA:37,2
DA:39,2
DA:46,2
DA:48,2
DA:49,6
DA:52,2
DA:53,2
DA:54,4
DA:55,8
DA:60,4
LF:11
LH:11
end_of_record
SF:lib\src\models\config\accessibility_settings_configuration.dart
DA:17,10
DA:167,1
DA:172,0
DA:173,0
DA:174,0
DA:175,0
DA:176,0
DA:177,0
DA:178,0
DA:179,0
DA:180,0
DA:181,0
DA:182,0
DA:183,0
DA:184,0
DA:185,0
DA:186,0
DA:187,0
DA:188,0
DA:189,0
DA:190,0
DA:191,0
DA:192,0
DA:193,0
DA:194,0
DA:195,0
DA:196,0
DA:197,0
DA:198,0
DA:202,0
DA:206,0
DA:209,0
DA:210,0
DA:211,0
DA:212,0
DA:219,0
DA:221,0
DA:222,0
DA:223,0
DA:224,0
DA:225,0
DA:226,0
DA:227,0
DA:228,0
DA:229,0
DA:230,0
DA:231,0
DA:232,0
DA:233,0
DA:234,0
DA:235,0
DA:236,0
DA:237,0
DA:238,0
DA:239,0
DA:240,0
DA:242,0
DA:243,0
DA:244,0
DA:245,0
DA:246,0
DA:247,0
DA:248,0
DA:249,0
DA:250,0
DA:251,0
DA:252,0
DA:253,0
DA:254,0
DA:255,0
DA:256,0
DA:257,0
DA:258,0
DA:259,0
DA:260,0
DA:261,0
DA:263,0
DA:264,0
DA:266,0
LF:79
LH:2
end_of_record
SF:lib\src\view\providers\accessibility_settings_configuration_inherited.dart
DA:14,1
DA:24,2
DA:28,1
DA:29,1
DA:32,1
DA:38,0
DA:42,0
LF:7
LH:5
end_of_record
SF:lib\src\core\l10n\generated\app_localizations_en.dart
DA:9,8
DA:11,0
DA:14,0
DA:17,0
DA:20,0
DA:23,0
DA:26,0
DA:29,0
DA:32,0
DA:35,0
DA:38,0
DA:41,0
DA:45,0
DA:48,0
DA:51,0
DA:54,0
DA:57,0
DA:59,0
DA:61,0
DA:70,0
DA:73,0
DA:76,0
DA:79,0
DA:82,1
DA:84,1
DA:86,1
DA:109,1
DA:112,0
DA:115,0
DA:118,0
DA:121,0
DA:124,0
DA:127,0
DA:130,0
DA:133,0
DA:136,0
DA:139,0
DA:142,0
DA:145,0
DA:148,0
DA:151,0
DA:155,0
DA:159,0
DA:163,0
DA:166,0
DA:169,0
DA:172,0
DA:175,0
DA:178,0
DA:181,0
DA:184,0
DA:187,0
DA:190,0
DA:193,0
DA:196,0
DA:199,0
DA:202,0
DA:205,0
DA:208,0
DA:211,0
DA:214,0
DA:217,0
DA:220,0
DA:223,0
DA:226,0
DA:229,0
DA:232,0
DA:235,0
DA:238,0
DA:240,0
DA:242,0
DA:250,0
DA:253,0
DA:256,0
DA:260,0
DA:264,0
DA:267,0
DA:271,0
DA:275,0
DA:278,0
DA:282,0
DA:286,0
DA:289,0
DA:292,0
DA:295,0
DA:298,0
DA:301,0
DA:304,0
DA:307,0
DA:310,0
LF:90
LH:5
end_of_record
SF:lib\src\core\l10n\generated\app_localizations_it.dart
DA:9,0
DA:11,0
DA:14,0
DA:17,0
DA:20,0
DA:23,0
DA:26,0
DA:29,0
DA:32,0
DA:35,0
DA:38,0
DA:41,0
DA:45,0
DA:48,0
DA:52,0
DA:55,0
DA:58,0
DA:60,0
DA:62,0
DA:71,0
DA:74,0
DA:77,0
DA:80,0
DA:83,0
DA:85,0
DA:87,0
DA:110,0
DA:113,0
DA:116,0
DA:119,0
DA:122,0
DA:125,0
DA:128,0
DA:131,0
DA:134,0
DA:137,0
DA:140,0
DA:143,0
DA:146,0
DA:149,0
DA:152,0
DA:156,0
DA:160,0
DA:164,0
DA:168,0
DA:171,0
DA:174,0
DA:177,0
DA:181,0
DA:184,0
DA:187,0
DA:190,0
DA:193,0
DA:196,0
DA:199,0
DA:202,0
DA:205,0
DA:208,0
DA:211,0
DA:214,0
DA:217,0
DA:220,0
DA:223,0
DA:226,0
DA:229,0
DA:232,0
DA:235,0
DA:238,0
DA:241,0
DA:243,0
DA:245,0
DA:253,0
DA:256,0
DA:260,0
DA:264,0
DA:268,0
DA:272,0
DA:276,0
DA:280,0
DA:283,0
DA:287,0
DA:291,0
DA:295,0
DA:298,0
DA:301,0
DA:304,0
DA:307,0
DA:310,0
DA:313,0
DA:316,0
LF:90
LH:0
end_of_record
SF:lib\src\core\utils\accessible_height.dart
DA:34,1
DA:40,3
DA:44,3
DA:48,3
DA:49,1
DA:50,1
DA:51,2
DA:52,2
DA:53,1
DA:55,2
DA:57,3
DA:59,2
DA:61,1
DA:65,1
DA:66,1
DA:67,1
LF:16
LH:16
end_of_record
SF:lib\src\view\widgets\shared\accessible_sized_box.dart
DA:11,0
DA:42,0
DA:43,0
DA:49,0
DA:51,0
DA:52,0
DA:55,0
DA:56,0
DA:57,0
DA:58,0
DA:59,0
DA:60,0
DA:61,0
DA:62,0
DA:63,0
DA:64,0
DA:66,0
DA:67,0
DA:69,0
LF:19
LH:0
end_of_record
SF:lib\src\view\widgets\shared\accessible_text.dart
DA:22,0
DA:41,0
DA:42,0
DA:44,0
DA:45,0
DA:48,0
DA:49,0
DA:50,0
DA:52,0
DA:53,0
DA:55,0
DA:56,0
DA:57,0
DA:58,0
DA:59,0
DA:63,0
DA:64,0
DA:65,0
DA:66,0
DA:67,0
DA:68,0
DA:69,0
DA:70,0
DA:71,0
DA:72,0
DA:73,0
DA:74,0
DA:75,0
DA:76,0
DA:77,0
DA:78,0
DA:79,0
LF:32
LH:0
end_of_record
SF:lib\src\core\utils\parser.dart
DA:4,2
DA:5,3
DA:6,1
DA:10,2
DA:11,3
DA:12,1
LF:6
LH:6
end_of_record
SF:lib\src\core\extensions\list.dart
DA:13,1
DA:16,2
DA:18,1
DA:19,1
DA:20,2
DA:22,1
LF:6
LH:6
end_of_record
SF:lib\src\core\utils\shared_preferences.dart
DA:7,1
DA:10,1
LF:2
LH:2
end_of_record
SF:lib\src\services\shared_preferences_service_legacy.dart
DA:19,0
DA:21,0
DA:25,0
DA:37,0
DA:38,0
DA:39,0
DA:40,0
DA:41,0
DA:42,0
DA:43,0
DA:44,0
DA:45,0
DA:46,0
DA:47,0
DA:56,0
DA:58,0
DA:61,0
DA:62,0
DA:63,0
DA:71,0
DA:72,0
DA:73,0
DA:74,0
DA:77,0
DA:80,0
DA:83,0
DA:86,0
DA:89,0
DA:90,0
DA:92,0
DA:93,0
DA:95,0
DA:96,0
DA:98,0
DA:99,0
DA:101,0
DA:102,0
DA:104,0
DA:105,0
DA:111,0
DA:115,0
DA:116,0
DA:118,0
DA:120,0
DA:121,0
DA:125,0
DA:129,0
DA:130,0
DA:132,0
DA:134,0
DA:135,0
DA:140,0
DA:142,0
DA:144,0
DA:145,0
DA:149,0
DA:153,0
DA:156,0
DA:158,0
DA:162,0
DA:165,0
DA:167,0
DA:169,0
DA:171,0
DA:172,0
DA:176,0
DA:177,0
DA:179,0
DA:180,0
DA:184,0
DA:188,0
DA:191,0
DA:193,0
DA:195,0
DA:197,0
DA:198,0
DA:202,0
DA:206,0
DA:209,0
DA:211,0
DA:213,0
DA:215,0
DA:216,0
DA:220,0
DA:224,0
DA:227,0
DA:229,0
DA:230,0
DA:232,0
DA:233,0
DA:237,0
DA:241,0
DA:244,0
DA:246,0
DA:250,0
DA:253,0
DA:255,0
DA:257,0
DA:259,0
DA:260,0
DA:264,0
DA:268,0
DA:271,0
DA:273,0
DA:275,0
DA:277,0
DA:278,0
DA:282,0
DA:286,0
DA:289,0
DA:291,0
DA:292,0
DA:294,0
DA:295,0
DA:298,0
DA:302,0
DA:305,0
DA:307,0
DA:309,0
DA:311,0
DA:312,0
DA:315,0
DA:317,0
DA:318,0
DA:320,0
DA:321,0
DA:324,0
DA:347,0
DA:348,0
DA:350,0
DA:351,0
DA:352,0
DA:353,0
DA:354,0
DA:355,0
DA:356,0
DA:357,0
DA:359,0
DA:384,0
DA:385,0
DA:386,0
LF:141
LH:0
end_of_record
SF:lib\src\services\shared_preferences_service_with_cache.dart
DA:20,0
DA:24,0
DA:28,0
DA:40,0
DA:41,0
DA:42,0
DA:43,0
DA:44,0
DA:45,0
DA:46,0
DA:47,0
DA:48,0
DA:49,0
DA:50,0
DA:59,0
DA:61,0
DA:64,0
DA:65,0
DA:66,0
DA:74,0
DA:75,0
DA:76,0
DA:77,0
DA:80,0
DA:83,0
DA:86,0
DA:89,0
DA:92,0
DA:93,0
DA:95,0
DA:96,0
DA:98,0
DA:99,0
DA:101,0
DA:102,0
DA:104,0
DA:105,0
DA:107,0
DA:108,0
DA:114,0
DA:118,0
DA:119,0
DA:121,0
DA:123,0
DA:124,0
DA:128,0
DA:132,0
DA:133,0
DA:135,0
DA:137,0
DA:138,0
DA:143,0
DA:145,0
DA:147,0
DA:148,0
DA:152,0
DA:156,0
DA:159,0
DA:161,0
DA:165,0
DA:168,0
DA:170,0
DA:172,0
DA:174,0
DA:175,0
DA:179,0
DA:180,0
DA:182,0
DA:183,0
DA:187,0
DA:191,0
DA:194,0
DA:196,0
DA:198,0
DA:200,0
DA:201,0
DA:205,0
DA:209,0
DA:212,0
DA:214,0
DA:216,0
DA:218,0
DA:219,0
DA:223,0
DA:227,0
DA:230,0
DA:232,0
DA:233,0
DA:235,0
DA:236,0
DA:240,0
DA:244,0
DA:247,0
DA:249,0
DA:253,0
DA:256,0
DA:258,0
DA:260,0
DA:262,0
DA:263,0
DA:267,0
DA:271,0
DA:274,0
DA:276,0
DA:278,0
DA:280,0
DA:281,0
DA:285,0
DA:289,0
DA:292,0
DA:294,0
DA:295,0
DA:297,0
DA:298,0
DA:301,0
DA:305,0
DA:308,0
DA:310,0
DA:312,0
DA:314,0
DA:315,0
DA:318,0
DA:320,0
DA:321,0
DA:323,0
DA:324,0
DA:327,0
DA:350,0
DA:352,0
DA:353,0
DA:354,0
DA:355,0
DA:356,0
DA:357,0
DA:358,0
DA:359,0
DA:361,0
DA:386,0
DA:387,0
LF:139
LH:0
end_of_record
SF:lib\src\view\widgets\components\restore_settings_button.dart
DA:33,0
DA:40,0
DA:41,0
DA:42,0
DA:43,0
DA:47,0
DA:48,0
DA:49,0
DA:50,0
DA:52,0
DA:53,0
DA:54,0
DA:55,0
DA:56,0
DA:58,0
DA:59,0
DA:62,0
DA:63,0
DA:64,0
DA:65,0
DA:66,0
DA:67,0
DA:68,0
DA:74,0
DA:76,0
DA:81,0
DA:82,0
DA:83,0
DA:84,0
DA:85,0
LF:30
LH:0
end_of_record
SF:lib\src\view\widgets\components\settings_group.dart
DA:18,0
DA:25,0
DA:26,0
DA:28,0
DA:29,0
DA:30,0
DA:31,0
DA:33,0
DA:34,0
DA:35,0
DA:41,0
DA:42,0
DA:43,0
DA:44,0
DA:46,0
DA:47,0
DA:48,0
DA:49,0
LF:18
LH:0
end_of_record
SF:lib\src\view\widgets\shared\accessibility_settings.dart
DA:15,0
DA:23,0
DA:25,0
DA:26,0
LF:4
LH:0
end_of_record
SF:lib\src\view\widgets\shared\accessible_widget_builder.dart
DA:24,0
DA:31,0
DA:32,0
DA:34,0
DA:35,0
DA:36,0
DA:37,0
DA:38,0
DA:39,0
DA:40,0
DA:41,0
LF:11
LH:0
end_of_record
SF:lib\src\view\widgets\shared\read_more_text.dart
DA:32,0
DA:40,0
DA:42,0
DA:43,0
DA:49,0
DA:50,0
DA:51,0
DA:53,0
DA:54,0
DA:57,0
DA:58,0
DA:59,0
DA:62,0
DA:63,0
DA:64,0
DA:65,0
DA:66,0
DA:68,0
DA:69,0
DA:70,0
DA:71,0
DA:72,0
DA:73,0
DA:74,0
DA:76,0
DA:77,0
DA:78,0
DA:79,0
DA:81,0
DA:82,0
DA:83,0
DA:84,0
DA:85,0
DA:86,0
DA:87,0
DA:88,0
DA:89,0
DA:91,0
DA:92,0
DA:93,0
DA:94,0
DA:109,0
DA:119,0
DA:120,0
DA:121,0
DA:122,0
DA:123,0
DA:124,0
DA:125,0
DA:128,0
DA:129,0
DA:132,0
DA:133,0
DA:135,0
DA:136,0
DA:137,0
DA:138,0
DA:139,0
DA:140,0
DA:141,0
DA:145,0
DA:146,0
DA:147,0
DA:149,0
DA:167,0
DA:176,0
DA:177,0
DA:178,0
DA:179,0
DA:180,0
DA:181,0
DA:183,0
DA:184,0
DA:187,0
DA:188,0
DA:190,0
DA:191,0
DA:192,0
DA:193,0
DA:194,0
DA:195,0
DA:196,0
DA:200,0
DA:201,0
DA:202,0
DA:204,0
DA:217,0
DA:224,0
DA:225,0
DA:226,0
DA:227,0
DA:228,0
LF:92
LH:0
end_of_record
SF:lib\src\view\widgets\shared\read_more_text_button.dart
DA:21,0
DA:29,0
DA:30,0
DA:36,0
DA:37,0
DA:38,0
DA:39,0
DA:40,0
DA:41,0
DA:43,0
DA:47,0
DA:48,0
DA:49,0
DA:50,0
DA:52,0
DA:61,0
DA:62,0
DA:65,0
DA:67,0
DA:68,0
DA:70,0
DA:72,0
DA:73,0
DA:74,0
DA:75,0
DA:83,0
DA:85,0
DA:86,0
DA:87,0
DA:88,0
LF:30
LH:0
end_of_record
SF:lib\src\view\widgets\shared\text_raw_magnifier.dart
DA:14,0
DA:19,0
DA:20,0
DA:30,0
DA:31,0
DA:32,0
DA:33,0
DA:34,0
DA:35,0
DA:37,0
DA:38,0
DA:40,0
DA:41,0
DA:42,0
DA:45,0
DA:46,0
DA:47,0
DA:48,0
DA:51,0
DA:53,0
DA:54,0
DA:55,0
DA:56,0
DA:57,0
DA:58,0
DA:59,0
DA:62,0
DA:63,0
DA:64,0
DA:66,0
LF:30
LH:0
end_of_record
SF:lib\src\interfaces\settings_item.dart
DA:6,1
LF:1
LH:1
end_of_record
SF:lib\src\view\widgets\components\circle_color.dart
DA:25,0
DA:34,0
DA:38,0
DA:39,0
DA:40,0
DA:41,0
DA:42,0
DA:44,0
DA:45,0
DA:46,0
DA:47,0
DA:48,0
DA:49,0
DA:50,0
DA:51,0
DA:52,0
LF:16
LH:0
end_of_record
SF:lib\src\view\widgets\components\color_picker.dart
DA:34,0
DA:43,0
DA:44,0
DA:59,0
DA:60,0
DA:61,0
DA:63,0
DA:65,0
DA:66,0
DA:73,0
DA:74,0
DA:75,0
DA:78,0
DA:79,0
DA:80,0
DA:81,0
DA:82,0
DA:83,0
DA:87,0
DA:88,0
DA:89,0
DA:94,0
DA:98,0
DA:99,0
DA:106,0
DA:107,0
DA:108,0
DA:109,0
DA:111,0
DA:115,0
DA:116,0
DA:117,0
DA:121,0
DA:122,0
DA:123,0
DA:127,0
DA:128,0
DA:129,0
DA:130,0
DA:133,0
DA:134,0
DA:135,0
DA:141,0
DA:142,0
DA:143,0
DA:144,0
DA:146,0
DA:147,0
DA:148,0
DA:150,0
DA:153,0
DA:154,0
DA:155,0
DA:158,0
DA:159,0
DA:161,0
DA:162,0
DA:163,0
DA:165,0
DA:166,0
DA:167,0
DA:168,0
DA:173,0
DA:175,0
DA:176,0
DA:178,0
DA:181,0
DA:183,0
DA:184,0
DA:186,0
DA:188,0
DA:189,0
DA:190,0
DA:192,0
DA:193,0
DA:194,0
DA:195,0
LF:77
LH:0
end_of_record
SF:lib\src\view\widgets\components\settings_item_card.dart
DA:23,0
DA:31,0
DA:32,0
DA:33,0
DA:35,0
DA:36,0
DA:37,0
DA:38,0
DA:39,0
DA:40,0
DA:41,0
DA:42,0
DA:43,0
DA:45,0
DA:46,0
DA:49,0
DA:50,0
DA:51,0
DA:53,0
DA:58,0
DA:59,0
DA:60,0
DA:61,0
DA:63,0
DA:64,0
DA:65,0
LF:26
LH:0
end_of_record
SF:lib\src\view\widgets\components\settings_item_container.dart
DA:26,1
DA:33,0
DA:34,0
DA:35,0
DA:36,0
DA:37,0
DA:38,0
DA:39,0
DA:40,0
DA:41,0
DA:42,0
DA:43,0
DA:46,0
DA:47,0
DA:48,0
DA:52,0
DA:57,0
DA:58,0
DA:59,0
DA:63,0
LF:20
LH:1
end_of_record
SF:lib\src\view\widgets\components\settings_item_expansion_tile_switch.dart
DA:25,0
DA:33,0
DA:34,0
DA:35,0
DA:36,0
DA:37,0
DA:38,0
DA:40,0
DA:41,0
DA:42,0
DA:43,0
DA:45,0
DA:46,0
DA:47,0
DA:49,0
DA:53,0
DA:57,0
DA:58,0
LF:18
LH:0
end_of_record
SF:lib\src\view\widgets\components\settings_item_list_tile_slider.dart
DA:21,0
DA:28,0
DA:29,0
DA:30,0
DA:31,0
DA:32,0
DA:33,0
DA:34,0
DA:38,0
DA:39,0
DA:40,0
DA:43,0
DA:44,0
DA:45,0
DA:48,0
LF:15
LH:0
end_of_record
SF:lib\src\view\widgets\components\settings_item_list_tile_switch.dart
DA:24,0
DA:32,0
DA:33,0
DA:34,0
DA:35,0
DA:36,0
DA:39,0
DA:40,0
DA:44,0
DA:45,0
DA:46,0
DA:47,0
DA:48,0
DA:55,0
DA:56,0
DA:57,0
DA:58,0
DA:64,0
DA:65,0
DA:66,0
DA:68,0
LF:21
LH:0
end_of_record
SF:lib\src\view\widgets\components\settings_item_multi_selection_card.dart
DA:30,0
DA:40,0
DA:42,0
DA:51,0
DA:53,0
DA:54,0
DA:55,0
DA:58,0
DA:59,0
DA:60,0
DA:61,0
DA:62,0
DA:63,0
DA:66,0
DA:67,0
DA:68,0
DA:69,0
DA:70,0
DA:72,0
DA:73,0
DA:76,0
DA:77,0
DA:78,0
DA:79,0
DA:80,0
DA:86,0
DA:87,0
DA:88,0
DA:89,0
DA:90,0
DA:91,0
DA:92,0
DA:101,0
DA:103,0
DA:107,0
DA:108,0
DA:109,0
DA:111,0
DA:112,0
DA:113,0
DA:114,0
DA:115,0
DA:116,0
DA:117,0
DA:118,0
LF:45
LH:0
end_of_record
SF:lib\src\view\widgets\components\settings_item_row.dart
DA:18,0
DA:24,0
DA:25,0
DA:27,0
DA:28,0
DA:29,0
DA:30,0
DA:31,0
DA:35,0
DA:36,0
DA:37,0
DA:38,0
LF:12
LH:0
end_of_record
SF:lib\src\view\widgets\settings\accessibility_settings_group.dart
DA:32,1
DA:36,0
DA:37,0
DA:39,0
DA:40,0
DA:41,0
DA:42,0
DA:43,0
DA:44,0
DA:45,0
DA:46,0
DA:48,0
DA:53,0
DA:54,0
DA:55,0
DA:57,0
DA:59,0
DA:64,0
DA:65,0
DA:66,0
DA:68,0
DA:70,0
DA:75,0
DA:76,0
DA:78,0
DA:79,0
DA:82,0
DA:83,0
DA:85,0
DA:86,0
DA:91,0
DA:92,0
DA:93,0
DA:95,0
DA:96,0
DA:97,0
DA:101,0
DA:102,0
DA:103,0
DA:106,0
DA:107,0
DA:108,0
DA:113,0
DA:114,0
DA:115,0
DA:116,0
DA:117,0
DA:118,0
DA:119,0
DA:120,0
DA:121,0
DA:125,0
DA:126,0
DA:130,0
DA:131,0
DA:137,0
DA:138,0
DA:139,0
DA:140,0
DA:143,0
DA:144,0
DA:145,0
DA:146,0
DA:149,0
DA:150,0
DA:151,0
DA:152,0
DA:155,0
DA:156,0
DA:157,0
DA:158,0
DA:161,0
DA:162,0
DA:163,0
DA:164,0
LF:75
LH:1
end_of_record
SF:lib\src\view\widgets\settings\color\color_pages_background_settings_item.dart
DA:15,1
DA:17,0
DA:19,0
DA:27,0
DA:29,0
DA:30,0
DA:31,0
DA:34,0
DA:35,0
DA:36,0
DA:37,0
DA:41,0
DA:42,0
DA:43,0
DA:45,0
DA:46,0
DA:51,0
DA:52,0
DA:53,0
DA:54,0
DA:56,0
DA:57,0
DA:59,0
DA:60,0
DA:61,0
DA:62,0
LF:26
LH:1
end_of_record
SF:lib\src\view\widgets\settings\color\color_profile_settings_item.dart
DA:15,1
DA:19,0
DA:21,0
DA:29,0
DA:31,0
DA:32,0
DA:33,0
DA:36,0
DA:38,0
DA:39,0
DA:40,0
DA:41,0
DA:43,0
DA:44,0
DA:47,0
DA:48,0
DA:49,0
DA:50,0
DA:51,0
DA:53,0
DA:54,0
DA:55,0
DA:57,0
DA:58,0
DA:60,0
DA:61,0
DA:62,0
DA:63,0
DA:64,0
DA:65,0
DA:67,0
DA:70,0
DA:71,0
DA:72,0
LF:34
LH:1
end_of_record
SF:lib\src\view\widgets\settings\color\color_text_settings_item.dart
DA:15,1
DA:17,0
DA:18,0
DA:25,0
DA:27,0
DA:28,0
DA:29,0
DA:33,0
DA:34,0
DA:35,0
DA:36,0
DA:41,0
DA:42,0
DA:43,0
DA:45,0
DA:46,0
DA:51,0
DA:52,0
DA:53,0
DA:54,0
DA:56,0
DA:57,0
DA:59,0
DA:60,0
DA:61,0
DA:62,0
LF:26
LH:1
end_of_record
SF:lib\src\view\widgets\settings\text\text_align_settings_item.dart
DA:23,0
DA:30,0
DA:31,0
DA:38,0
DA:40,0
DA:41,0
DA:42,0
DA:45,0
DA:47,0
DA:48,0
DA:50,0
DA:51,0
DA:52,0
DA:53,0
DA:54,0
DA:55,0
DA:56,0
DA:57,0
DA:59,0
DA:61,0
DA:63,0
DA:64,0
DA:65,0
LF:23
LH:0
end_of_record
SF:lib\src\view\widgets\settings\text\text_font_weight_settings_item.dart
DA:12,1
DA:14,0
DA:16,0
DA:24,0
DA:26,0
DA:27,0
DA:28,0
DA:31,0
DA:32,0
DA:33,0
DA:34,0
DA:35,0
DA:36,0
DA:37,0
DA:38,0
DA:39,0
DA:40,0
DA:41,0
LF:18
LH:1
end_of_record
SF:lib\src\view\widgets\settings\text\text_letter_spacing_settings_item.dart
DA:14,1
DA:16,0
DA:18,0
DA:31,0
DA:33,0
DA:34,0
DA:35,0
DA:38,0
DA:39,0
DA:41,0
DA:42,0
DA:43,0
DA:47,0
DA:48,0
DA:49,0
DA:57,0
DA:58,0
DA:59,0
DA:60,0
DA:61,0
DA:65,0
DA:67,0
DA:68,0
DA:70,0
DA:71,0
DA:72,0
DA:73,0
DA:74,0
DA:75,0
DA:77,0
DA:79,0
DA:83,0
DA:84,0
DA:85,0
DA:86,0
DA:87,0
DA:88,0
DA:89,0
DA:90,0
DA:92,0
DA:100,0
DA:101,0
DA:102,0
DA:103,0
DA:104,0
DA:105,0
DA:106,0
DA:107,0
DA:109,0
DA:110,0
DA:112,0
DA:113,0
DA:114,0
DA:121,0
DA:122,0
DA:123,0
DA:124,0
DA:125,0
DA:127,0
DA:129,0
LF:60
LH:1
end_of_record
SF:lib\src\view\widgets\settings\text\text_line_height_settings_item.dart
DA:14,1
DA:16,0
DA:18,0
DA:31,0
DA:33,0
DA:34,0
DA:35,0
DA:38,0
DA:39,0
DA:43,0
DA:44,0
DA:45,0
DA:49,0
DA:50,0
DA:51,0
DA:59,0
DA:60,0
DA:61,0
DA:62,0
DA:63,0
DA:67,0
DA:69,0
DA:70,0
DA:72,0
DA:73,0
DA:74,0
DA:75,0
DA:76,0
DA:77,0
DA:79,0
DA:81,0
DA:85,0
DA:86,0
DA:87,0
DA:88,0
DA:89,0
DA:90,0
DA:91,0
DA:92,0
DA:94,0
DA:102,0
DA:103,0
DA:104,0
DA:105,0
DA:106,0
DA:107,0
DA:108,0
DA:109,0
DA:110,0
DA:112,0
DA:113,0
DA:114,0
DA:115,0
DA:122,0
DA:123,0
DA:124,0
DA:125,0
DA:126,0
DA:128,0
DA:130,0
LF:60
LH:1
end_of_record
SF:lib\src\view\widgets\settings\text\text_scale_factor_settings_item.dart
DA:14,1
DA:16,0
DA:18,0
DA:31,0
DA:33,0
DA:34,0
DA:35,0
DA:38,0
DA:39,0
DA:43,0
DA:44,0
DA:45,0
DA:49,0
DA:50,0
DA:51,0
DA:59,0
DA:60,0
DA:61,0
DA:62,0
DA:63,0
DA:67,0
DA:69,0
DA:70,0
DA:72,0
DA:73,0
DA:74,0
DA:75,0
DA:76,0
DA:77,0
DA:79,0
DA:81,0
DA:85,0
DA:86,0
DA:87,0
DA:88,0
DA:89,0
DA:90,0
DA:91,0
DA:92,0
DA:94,0
DA:102,0
DA:103,0
DA:104,0
DA:105,0
DA:106,0
DA:107,0
DA:108,0
DA:109,0
DA:110,0
DA:112,0
DA:113,0
DA:114,0
DA:115,0
DA:122,0
DA:123,0
DA:124,0
DA:125,0
DA:126,0
DA:128,0
DA:130,0
LF:60
LH:1
end_of_record
SF:lib\src\view\widgets\settings\text\text_word_spacing_settings_item.dart
DA:14,1
DA:16,0
DA:18,0
DA:31,0
DA:33,0
DA:34,0
DA:35,0
DA:38,0
DA:39,0
DA:43,0
DA:44,0
DA:45,0
DA:49,0
DA:50,0
DA:51,0
DA:59,0
DA:60,0
DA:61,0
DA:62,0
DA:63,0
DA:67,0
DA:69,0
DA:70,0
DA:72,0
DA:73,0
DA:74,0
DA:75,0
DA:76,0
DA:77,0
DA:79,0
DA:81,0
DA:85,0
DA:86,0
DA:87,0
DA:88,0
DA:89,0
DA:90,0
DA:91,0
DA:92,0
DA:94,0
DA:102,0
DA:103,0
DA:104,0
DA:105,0
DA:106,0
DA:107,0
DA:108,0
DA:109,0
DA:110,0
DA:112,0
DA:113,0
DA:114,0
DA:115,0
DA:122,0
DA:123,0
DA:124,0
DA:125,0
DA:126,0
DA:128,0
DA:130,0
LF:60
LH:1
end_of_record
SF:lib\src\view\widgets\settings\theme\effects_mode_settings_item.dart
DA:10,1
DA:12,0
DA:14,0
DA:21,0
DA:23,0
DA:24,0
DA:25,0
DA:28,0
DA:29,0
DA:33,0
DA:34,0
DA:35,0
DA:36,0
DA:37,0
DA:38,0
DA:39,0
DA:41,0
DA:42,0
DA:43,0
DA:44,0
DA:45,0
LF:21
LH:1
end_of_record
SF:lib\src\view\widgets\settings\theme\theme_mode_settings_item.dart
DA:10,1
DA:12,0
DA:13,0
DA:20,0
DA:22,0
DA:23,0
DA:24,0
DA:27,0
DA:28,0
DA:32,0
DA:33,0
DA:34,0
DA:35,0
DA:36,0
DA:37,0
DA:38,0
DA:39,0
DA:40,0
DA:42,0
DA:43,0
LF:20
LH:1
end_of_record
SF:lib\src\view\widgets\settings\theme\theme_profile_settings_item.dart
DA:17,1
DA:22,0
DA:23,0
DA:30,0
DA:32,0
DA:33,0
DA:34,0
DA:38,0
DA:44,0
DA:45,0
DA:46,0
DA:47,0
DA:50,0
DA:51,0
DA:52,0
DA:53,0
DA:54,0
DA:55,0
DA:56,0
DA:57,0
DA:58,0
DA:59,0
DA:60,0
DA:62,0
DA:63,0
DA:64,0
DA:65,0
DA:70,0
DA:72,0
DA:73,0
DA:74,0
DA:75,0
LF:32
LH:1
end_of_record
