SF:lib\src\services\shared_preferences_service_with_cache.dart
DA:20,1
DA:24,1
DA:28,3
DA:40,1
DA:41,1
DA:42,1
DA:43,1
DA:44,1
DA:45,1
DA:46,1
DA:47,1
DA:48,1
DA:49,1
DA:50,1
DA:59,1
DA:61,1
DA:64,1
DA:65,3
DA:66,0
DA:74,1
DA:75,1
DA:76,1
DA:77,1
DA:80,1
DA:83,1
DA:86,1
DA:89,1
DA:92,1
DA:93,1
DA:95,1
DA:96,1
DA:98,1
DA:99,1
DA:101,1
DA:102,1
DA:104,1
DA:105,1
DA:107,1
DA:108,1
DA:114,1
DA:118,1
DA:119,2
DA:121,1
DA:123,2
DA:124,1
DA:128,1
DA:132,1
DA:133,2
DA:135,1
DA:137,2
DA:138,1
DA:143,1
DA:145,1
DA:147,1
DA:148,1
DA:152,1
DA:156,1
DA:159,2
DA:161,1
DA:165,1
DA:168,2
DA:170,1
DA:172,1
DA:174,1
DA:175,1
DA:179,1
DA:180,1
DA:182,1
DA:183,1
DA:187,1
DA:191,1
DA:194,2
DA:196,1
DA:198,1
DA:200,1
DA:201,1
DA:205,1
DA:209,1
DA:212,2
DA:214,1
DA:216,1
DA:218,1
DA:219,1
DA:223,1
DA:227,1
DA:230,2
DA:232,1
DA:233,1
DA:235,1
DA:236,1
DA:240,1
DA:244,1
DA:247,2
DA:249,1
DA:253,1
DA:256,2
DA:258,1
DA:260,1
DA:262,1
DA:263,1
DA:267,1
DA:271,1
DA:274,2
DA:276,1
DA:278,1
DA:280,1
DA:281,1
DA:285,1
DA:289,1
DA:292,2
DA:294,1
DA:295,1
DA:297,1
DA:298,1
DA:301,1
DA:305,1
DA:308,2
DA:310,1
DA:312,1
DA:314,1
DA:315,1
DA:318,1
DA:320,1
DA:321,2
DA:323,1
DA:324,1
DA:327,2
DA:350,1
DA:352,1
DA:353,2
DA:354,1
DA:355,2
DA:356,1
DA:357,2
DA:358,1
DA:359,2
DA:361,0
DA:386,1
DA:387,4
LF:139
LH:137
end_of_record
SF:lib\src\models\settings\color\color_profile.dart
DA:22,9
DA:23,9
DA:24,27
DA:25,2
DA:33,30
DA:42,3
DA:43,5
DA:44,5
DA:45,6
DA:46,6
DA:47,4
DA:92,2
DA:98,2
DA:105,3
DA:111,3
DA:117,2
DA:125,2
DA:131,2
DA:132,2
DA:133,2
DA:134,2
DA:135,2
DA:138,2
DA:144,2
DA:145,6
DA:146,6
DA:147,6
DA:148,6
DA:151,2
DA:153,6
DA:154,6
DA:155,6
DA:156,4
DA:158,2
DA:159,4
DA:160,2
DA:161,2
DA:162,2
LF:38
LH:38
end_of_record
SF:lib\src\models\settings\color\color_settings.dart
DA:9,61
DA:28,5
DA:32,5
DA:34,5
DA:35,4
DA:38,8
DA:44,7
DA:45,21
DA:46,21
DA:49,4
DA:51,20
LF:11
LH:11
end_of_record
SF:lib\src\models\settings\text\text_settings.dart
DA:16,62
DA:55,6
DA:65,6
DA:66,6
DA:67,6
DA:68,6
DA:69,5
DA:70,6
DA:71,6
DA:72,6
DA:75,9
DA:81,8
DA:82,24
DA:83,24
DA:84,24
DA:85,24
DA:86,18
DA:87,18
DA:88,18
DA:91,4
DA:93,12
DA:94,12
DA:95,12
DA:96,12
DA:97,12
DA:98,12
DA:99,8
LF:27
LH:27
end_of_record
SF:lib\src\services\shared_preferences_service.dart
DA:11,0
DA:184,5
DA:189,5
LF:3
LH:2
end_of_record
SF:lib\src\services\mock_shared_preferences_service.dart
DA:14,5
DA:15,5
DA:16,5
DA:25,4
DA:28,2
DA:29,4
DA:30,4
DA:33,3
DA:35,6
DA:36,6
DA:40,3
DA:42,6
DA:43,6
DA:47,3
DA:49,6
DA:50,6
DA:54,3
DA:56,6
DA:57,6
DA:61,3
DA:63,6
DA:64,6
DA:69,3
DA:71,6
DA:72,6
DA:76,3
DA:78,6
DA:79,6
DA:84,3
DA:86,6
DA:87,6
DA:91,3
DA:93,6
DA:94,6
DA:99,3
DA:101,6
DA:102,6
DA:106,3
DA:108,6
DA:109,6
DA:114,3
DA:116,6
DA:117,6
DA:122,3
DA:124,6
DA:125,6
DA:130,3
DA:134,6
DA:135,6
DA:139,3
DA:141,6
DA:142,6
DA:147,3
DA:149,6
DA:150,6
DA:154,3
DA:156,6
DA:157,6
DA:161,3
DA:163,6
DA:164,6
DA:168,3
DA:170,6
DA:171,6
DA:175,3
DA:177,6
DA:178,6
DA:182,3
DA:184,6
DA:185,6
DA:189,3
DA:191,6
DA:192,6
DA:196,3
DA:198,6
DA:199,6
DA:203,3
DA:207,6
DA:208,6
DA:212,3
DA:214,6
DA:215,6
DA:218,3
DA:220,6
DA:221,6
DA:225,3
DA:227,6
DA:228,6
DA:229,3
DA:232,3
DA:235,3
DA:236,3
DA:238,3
DA:239,3
DA:241,3
DA:242,3
DA:244,3
DA:245,3
DA:247,3
DA:248,3
DA:250,3
DA:251,3
DA:253,3
DA:256,3
DA:259,3
DA:265,3
DA:268,6
DA:270,9
DA:282,3
DA:283,3
DA:284,3
DA:285,3
DA:286,3
DA:287,3
DA:288,3
DA:289,3
DA:290,3
DA:291,3
DA:292,3
DA:301,3
DA:303,3
DA:306,3
DA:307,9
DA:308,0
LF:124
LH:123
end_of_record
SF:lib\src\core\extensions\accessible_theme_data.dart
DA:26,3
DA:32,3
DA:33,3
DA:34,3
DA:35,3
DA:56,3
DA:60,3
DA:63,1
DA:64,1
DA:65,1
DA:66,1
DA:67,1
DA:70,1
DA:71,2
DA:72,1
DA:73,2
DA:75,1
DA:76,1
DA:78,1
DA:79,2
DA:81,1
DA:82,1
DA:84,1
DA:85,2
DA:87,1
DA:88,1
DA:90,1
DA:91,2
DA:93,1
DA:94,1
DA:96,1
DA:97,2
DA:99,1
DA:100,1
DA:102,1
DA:103,2
DA:105,1
DA:106,1
DA:108,1
DA:109,2
DA:111,1
DA:112,1
DA:114,1
DA:115,2
DA:117,1
DA:118,1
DA:120,1
DA:121,2
DA:123,1
DA:124,1
DA:126,1
DA:127,2
DA:129,1
DA:130,1
DA:132,1
DA:133,2
DA:135,1
DA:136,1
DA:138,1
DA:139,2
DA:141,1
DA:142,1
DA:144,1
DA:145,2
DA:147,1
DA:148,1
DA:150,1
DA:151,2
DA:153,1
DA:154,1
DA:156,1
DA:157,2
DA:159,1
DA:160,1
DA:168,3
DA:172,3
DA:175,2
DA:176,2
DA:178,0
DA:180,1
DA:181,2
DA:185,2
DA:186,1
DA:187,2
DA:190,1
DA:191,2
DA:194,1
DA:195,2
DA:198,1
DA:199,2
DA:202,1
DA:203,2
DA:206,1
DA:207,2
DA:210,1
DA:211,2
DA:214,1
DA:215,2
DA:218,1
DA:219,2
DA:222,1
DA:223,2
DA:226,1
DA:227,2
DA:230,1
DA:231,2
DA:234,1
DA:235,2
DA:238,1
DA:239,2
DA:242,1
DA:243,2
DA:246,1
DA:247,2
DA:250,1
DA:251,2
DA:254,1
DA:255,2
DA:258,1
DA:259,2
DA:262,1
DA:263,2
DA:266,1
DA:267,2
DA:270,1
DA:271,2
DA:274,1
DA:275,2
DA:278,1
DA:279,2
DA:282,1
DA:283,2
DA:286,1
DA:287,2
DA:290,1
DA:291,2
DA:294,1
DA:295,2
DA:298,1
DA:299,2
DA:302,1
DA:303,2
DA:306,1
DA:307,2
DA:310,1
DA:311,2
DA:314,1
DA:315,2
DA:318,1
DA:319,2
DA:322,1
DA:323,2
DA:326,1
DA:327,2
DA:330,1
DA:331,2
DA:334,1
DA:335,2
DA:338,1
DA:339,2
DA:342,1
DA:343,2
DA:346,1
DA:347,2
DA:350,1
DA:351,2
DA:354,1
DA:355,2
DA:358,1
DA:359,2
DA:362,1
DA:363,2
DA:366,1
DA:367,2
DA:375,3
DA:379,3
DA:380,3
DA:383,3
DA:390,1
DA:391,1
DA:392,1
DA:396,2
DA:397,2
DA:408,1
DA:414,1
DA:415,2
DA:416,1
DA:418,2
DA:420,1
DA:422,2
DA:424,1
DA:426,2
DA:428,1
DA:430,1
DA:431,1
DA:432,1
DA:441,1
DA:442,1
DA:443,1
LF:199
LH:198
end_of_record
SF:lib\src\core\extensions\build_context.dart
DA:19,3
DA:37,4
DA:43,1
DA:44,1
DA:45,3
DA:66,3
DA:84,3
DA:88,1
DA:89,1
DA:93,1
DA:94,2
LF:11
LH:11
end_of_record
SF:lib\src\core\extensions\colors.dart
DA:20,2
DA:25,4
DA:28,2
DA:29,2
DA:31,4
DA:32,2
DA:33,2
DA:56,2
DA:60,2
DA:61,2
DA:62,4
DA:63,2
DA:65,4
DA:66,4
DA:67,4
DA:68,4
DA:69,4
DA:70,2
DA:72,4
DA:74,1
DA:75,1
DA:76,5
DA:81,2
DA:82,2
DA:86,1
DA:87,2
DA:88,2
DA:90,1
DA:93,1
DA:96,1
DA:103,1
DA:105,5
DA:106,2
DA:113,3
DA:114,3
DA:115,3
DA:116,3
DA:117,3
DA:118,3
DA:119,3
DA:120,3
DA:121,3
DA:122,3
DA:123,3
LF:44
LH:44
end_of_record
SF:lib\src\core\l10n\generated\app_localizations.dart
DA:65,4
DA:66,8
DA:70,2
DA:71,2
DA:585,20
DA:587,4
DA:589,4
DA:590,4
DA:593,4
DA:595,12
DA:597,0
DA:601,4
DA:603,4
DA:604,4
DA:605,4
DA:606,0
DA:607,0
DA:610,0
LF:18
LH:14
end_of_record
SF:lib\src\core\utils\accessible_height.dart
DA:34,1
DA:40,3
DA:44,3
DA:48,3
DA:49,1
DA:50,1
DA:51,2
DA:52,2
DA:53,1
DA:55,2
DA:57,3
DA:59,2
DA:61,1
DA:65,1
DA:66,1
DA:67,1
LF:16
LH:16
end_of_record
SF:lib\src\core\utils\shared_preferences.dart
DA:7,1
DA:10,1
LF:2
LH:2
end_of_record
SF:lib\src\models\config\accessibility_settings_configuration.dart
DA:17,21
DA:167,3
DA:172,2
DA:173,6
DA:174,6
DA:175,4
DA:176,2
DA:177,6
DA:178,6
DA:179,6
DA:180,6
DA:181,6
DA:182,4
DA:183,2
DA:184,6
DA:185,6
DA:186,6
DA:187,0
DA:188,0
DA:189,0
DA:190,0
DA:191,0
DA:192,0
DA:193,0
DA:194,0
DA:195,0
DA:196,0
DA:197,0
DA:199,0
DA:200,0
DA:201,0
DA:205,1
DA:207,3
DA:208,3
DA:209,3
DA:210,3
DA:211,3
DA:212,3
DA:213,3
DA:214,3
DA:215,3
DA:216,3
DA:217,3
DA:218,3
DA:219,3
DA:220,3
DA:221,3
DA:222,3
DA:223,3
DA:224,3
DA:225,3
DA:226,2
DA:228,1
DA:229,1
DA:230,1
DA:231,1
DA:232,1
DA:233,1
DA:234,1
DA:235,1
DA:236,1
DA:237,1
DA:238,1
DA:239,1
DA:240,1
DA:241,1
DA:242,1
DA:243,1
DA:244,1
DA:245,1
DA:246,1
DA:247,2
DA:249,2
DA:250,1
DA:252,1
LF:75
LH:61
end_of_record
SF:lib\src\models\settings\theme\theme_profile.dart
DA:31,1
DA:32,1
DA:33,3
DA:34,1
DA:42,21
DA:61,4
DA:62,8
DA:63,4
DA:64,4
DA:65,1
DA:68,4
DA:75,2
DA:85,2
DA:96,1
DA:101,1
DA:102,1
DA:103,1
DA:104,1
DA:107,1
DA:110,1
DA:111,3
DA:112,3
DA:113,3
DA:114,3
DA:116,1
DA:118,8
DA:120,1
DA:121,1
DA:122,1
DA:123,1
DA:124,1
LF:31
LH:31
end_of_record
SF:lib\src\models\themes\app_themes.dart
DA:203,3
DA:238,3
DA:247,3
DA:248,3
DA:253,3
DA:258,3
DA:263,3
DA:268,3
DA:273,3
DA:282,2
DA:290,2
DA:291,0
DA:292,0
DA:294,2
DA:296,2
DA:298,2
DA:300,2
DA:303,2
DA:308,2
DA:309,6
DA:310,6
DA:311,6
DA:312,6
DA:313,6
DA:314,6
DA:317,2
DA:319,6
DA:320,6
DA:321,6
DA:322,6
DA:323,6
DA:324,4
DA:326,2
DA:327,4
DA:328,2
DA:329,2
DA:330,2
DA:331,2
DA:332,2
LF:39
LH:37
end_of_record
SF:lib\src\services\shared_preferences_service_legacy.dart
DA:19,1
DA:21,1
DA:25,3
DA:37,1
DA:38,1
DA:39,1
DA:40,1
DA:41,1
DA:42,1
DA:43,1
DA:44,1
DA:45,1
DA:46,1
DA:47,1
DA:56,1
DA:58,1
DA:61,1
DA:62,3
DA:63,0
DA:71,1
DA:72,1
DA:73,1
DA:74,1
DA:77,1
DA:80,1
DA:83,1
DA:86,1
DA:89,1
DA:90,1
DA:92,1
DA:93,1
DA:95,1
DA:96,1
DA:98,1
DA:99,1
DA:101,1
DA:102,1
DA:104,1
DA:105,1
DA:111,1
DA:115,1
DA:116,2
DA:118,1
DA:120,2
DA:121,1
DA:125,1
DA:129,1
DA:130,2
DA:132,1
DA:134,2
DA:135,1
DA:140,1
DA:142,1
DA:144,1
DA:145,1
DA:149,1
DA:153,1
DA:156,2
DA:158,1
DA:162,1
DA:165,2
DA:167,1
DA:169,1
DA:171,1
DA:172,1
DA:176,1
DA:177,1
DA:179,1
DA:180,1
DA:184,1
DA:188,1
DA:191,2
DA:193,1
DA:195,1
DA:197,1
DA:198,1
DA:202,1
DA:206,1
DA:209,2
DA:211,1
DA:213,1
DA:215,1
DA:216,1
DA:220,1
DA:224,1
DA:227,2
DA:229,1
DA:230,1
DA:232,1
DA:233,1
DA:237,1
DA:241,1
DA:244,2
DA:246,1
DA:250,1
DA:253,2
DA:255,1
DA:257,1
DA:259,1
DA:260,1
DA:264,1
DA:268,1
DA:271,2
DA:273,1
DA:275,1
DA:277,1
DA:278,1
DA:282,1
DA:286,1
DA:289,2
DA:291,1
DA:292,1
DA:294,1
DA:295,1
DA:298,1
DA:302,1
DA:305,2
DA:307,1
DA:309,1
DA:311,1
DA:312,1
DA:315,1
DA:317,1
DA:318,2
DA:320,1
DA:321,1
DA:324,2
DA:347,1
DA:348,1
DA:350,1
DA:351,1
DA:352,1
DA:353,1
DA:354,1
DA:355,1
DA:356,1
DA:357,1
DA:359,0
DA:384,1
DA:385,1
DA:386,2
LF:141
LH:139
end_of_record
SF:lib\src\view\providers\accessibility_settings_inherited.dart
DA:16,3
DA:27,6
DA:30,6
DA:33,9
DA:36,6
DA:39,6
DA:42,2
DA:43,4
DA:47,2
DA:48,4
DA:52,2
DA:55,4
DA:61,2
DA:64,4
DA:70,2
DA:71,4
DA:75,2
DA:76,4
DA:80,2
DA:81,4
DA:85,2
DA:86,4
DA:90,2
DA:91,4
DA:95,2
DA:96,4
DA:99,6
DA:103,3
DA:105,3
DA:107,3
DA:113,2
DA:115,6
LF:32
LH:32
end_of_record
SF:lib\src\view\widgets\components\restore_settings_button.dart
DA:33,0
DA:40,0
DA:41,0
DA:42,0
DA:43,0
DA:47,0
DA:48,0
DA:49,0
DA:50,0
DA:52,0
DA:53,0
DA:54,0
DA:55,0
DA:56,0
DA:58,0
DA:59,0
DA:62,0
DA:63,0
DA:64,0
DA:65,0
DA:66,0
DA:67,0
DA:68,0
DA:74,0
DA:76,0
DA:81,0
DA:82,0
DA:83,0
DA:84,0
DA:85,0
LF:30
LH:0
end_of_record
SF:lib\src\view\widgets\components\settings_group.dart
DA:18,0
DA:25,0
DA:26,0
DA:28,0
DA:29,0
DA:30,0
DA:31,0
DA:33,0
DA:34,0
DA:35,0
DA:41,0
DA:42,0
DA:43,0
DA:44,0
DA:46,0
DA:47,0
DA:48,0
DA:49,0
LF:18
LH:0
end_of_record
SF:lib\src\view\widgets\shared\accessibility_initializer.dart
DA:16,2
DA:35,2
DA:36,2
DA:37,2
DA:38,2
DA:40,2
DA:41,2
DA:43,2
LF:8
LH:8
end_of_record
SF:lib\src\view\widgets\shared\accessibility_settings.dart
DA:15,0
DA:23,0
DA:25,0
DA:26,0
LF:4
LH:0
end_of_record
SF:lib\src\view\widgets\shared\accessible_material_app.dart
DA:25,2
DA:73,0
DA:109,0
DA:559,2
DA:560,2
DA:564,2
DA:565,2
DA:566,2
DA:573,2
DA:574,4
DA:579,2
DA:580,4
DA:585,2
DA:587,4
DA:592,2
DA:593,4
DA:594,0
DA:599,8
DA:600,0
DA:601,0
DA:602,0
DA:603,0
DA:604,0
DA:605,0
DA:606,0
DA:607,0
DA:608,0
DA:614,0
DA:615,0
DA:616,0
DA:617,0
DA:619,0
DA:622,0
DA:623,0
DA:624,0
DA:626,0
DA:627,0
DA:628,0
DA:629,0
DA:630,0
DA:631,0
DA:633,0
DA:634,0
DA:636,0
DA:638,0
DA:639,0
DA:640,0
DA:641,0
DA:642,0
DA:643,0
DA:645,2
DA:646,4
DA:647,4
DA:648,4
DA:649,4
DA:650,4
DA:651,4
DA:652,4
DA:653,4
DA:654,4
DA:660,4
DA:661,0
DA:662,0
DA:663,0
DA:665,2
DA:668,2
DA:669,4
DA:670,2
DA:672,4
DA:673,4
DA:674,4
DA:675,4
DA:676,4
DA:677,4
DA:678,4
DA:680,4
DA:681,4
DA:683,4
DA:685,4
DA:686,4
DA:687,4
DA:688,4
DA:689,4
DA:690,4
LF:84
LH:46
end_of_record
SF:lib\src\view\widgets\shared\accessible_sized_box.dart
DA:11,0
DA:42,0
DA:43,0
DA:49,0
DA:51,0
DA:52,0
DA:55,0
DA:56,0
DA:57,0
DA:58,0
DA:59,0
DA:60,0
DA:61,0
DA:62,0
DA:63,0
DA:64,0
DA:66,0
DA:67,0
DA:69,0
LF:19
LH:0
end_of_record
SF:lib\src\view\widgets\shared\accessible_text.dart
DA:22,0
DA:41,0
DA:42,0
DA:44,0
DA:45,0
DA:48,0
DA:49,0
DA:50,0
DA:52,0
DA:53,0
DA:55,0
DA:56,0
DA:57,0
DA:58,0
DA:59,0
DA:63,0
DA:64,0
DA:65,0
DA:66,0
DA:67,0
DA:68,0
DA:69,0
DA:70,0
DA:71,0
DA:72,0
DA:73,0
DA:74,0
DA:75,0
DA:76,0
DA:77,0
DA:78,0
DA:79,0
LF:32
LH:0
end_of_record
SF:lib\src\view\widgets\shared\accessible_widget_builder.dart
DA:24,0
DA:31,0
DA:32,0
DA:34,0
DA:35,0
DA:36,0
DA:37,0
DA:38,0
DA:39,0
DA:40,0
DA:41,0
LF:11
LH:0
end_of_record
SF:lib\src\view\widgets\shared\effects_setting_listenable_builder.dart
DA:31,2
DA:37,2
DA:39,2
DA:46,2
DA:48,2
DA:49,6
DA:52,2
DA:53,2
DA:54,4
DA:55,8
DA:60,4
LF:11
LH:11
end_of_record
SF:lib\src\view\widgets\shared\read_more_text.dart
DA:32,0
DA:40,0
DA:42,0
DA:43,0
DA:49,0
DA:50,0
DA:51,0
DA:53,0
DA:54,0
DA:57,0
DA:58,0
DA:59,0
DA:62,0
DA:63,0
DA:64,0
DA:65,0
DA:66,0
DA:68,0
DA:69,0
DA:70,0
DA:71,0
DA:72,0
DA:73,0
DA:74,0
DA:76,0
DA:77,0
DA:78,0
DA:79,0
DA:81,0
DA:82,0
DA:83,0
DA:84,0
DA:85,0
DA:86,0
DA:87,0
DA:88,0
DA:89,0
DA:91,0
DA:92,0
DA:93,0
DA:94,0
DA:109,0
DA:119,0
DA:120,0
DA:121,0
DA:122,0
DA:123,0
DA:124,0
DA:125,0
DA:128,0
DA:129,0
DA:132,0
DA:133,0
DA:135,0
DA:136,0
DA:137,0
DA:138,0
DA:139,0
DA:140,0
DA:141,0
DA:145,0
DA:146,0
DA:147,0
DA:149,0
DA:167,0
DA:176,0
DA:177,0
DA:178,0
DA:179,0
DA:180,0
DA:181,0
DA:183,0
DA:184,0
DA:187,0
DA:188,0
DA:190,0
DA:191,0
DA:192,0
DA:193,0
DA:194,0
DA:195,0
DA:196,0
DA:200,0
DA:201,0
DA:202,0
DA:204,0
DA:217,0
DA:224,0
DA:225,0
DA:226,0
DA:227,0
DA:228,0
LF:92
LH:0
end_of_record
SF:lib\src\view\widgets\shared\read_more_text_button.dart
DA:21,0
DA:29,0
DA:30,0
DA:36,0
DA:37,0
DA:38,0
DA:39,0
DA:40,0
DA:41,0
DA:43,0
DA:47,0
DA:48,0
DA:49,0
DA:50,0
DA:52,0
DA:61,0
DA:62,0
DA:65,0
DA:67,0
DA:68,0
DA:70,0
DA:72,0
DA:73,0
DA:74,0
DA:75,0
DA:83,0
DA:85,0
DA:86,0
DA:87,0
DA:88,0
LF:30
LH:0
end_of_record
SF:lib\src\view\widgets\shared\text_raw_magnifier.dart
DA:14,0
DA:19,0
DA:20,0
DA:30,0
DA:31,0
DA:32,0
DA:33,0
DA:34,0
DA:35,0
DA:37,0
DA:38,0
DA:40,0
DA:41,0
DA:42,0
DA:45,0
DA:46,0
DA:47,0
DA:48,0
DA:51,0
DA:53,0
DA:54,0
DA:55,0
DA:56,0
DA:57,0
DA:58,0
DA:59,0
DA:62,0
DA:63,0
DA:64,0
DA:66,0
LF:30
LH:0
end_of_record
SF:lib\src\core\animations\page_transitions.dart
DA:11,21
DA:13,2
DA:22,6
DA:26,2
LF:4
LH:4
end_of_record
SF:lib\src\view\providers\accessibility_settings_configuration_inherited.dart
DA:14,3
DA:24,4
DA:28,2
DA:29,2
DA:32,2
DA:38,1
DA:42,3
LF:7
LH:7
end_of_record
SF:lib\src\core\extensions\iterable.dart
DA:9,1
DA:12,2
DA:14,1
DA:15,1
DA:16,2
DA:18,1
LF:6
LH:6
end_of_record
SF:lib\src\core\l10n\generated\app_localizations_en.dart
DA:9,8
DA:11,0
DA:14,0
DA:17,0
DA:20,0
DA:23,0
DA:26,0
DA:29,0
DA:32,0
DA:35,0
DA:38,0
DA:41,0
DA:45,0
DA:48,0
DA:51,0
DA:54,0
DA:57,0
DA:59,0
DA:61,0
DA:70,0
DA:73,0
DA:76,0
DA:79,0
DA:82,1
DA:84,1
DA:86,1
DA:109,1
DA:112,0
DA:115,0
DA:118,0
DA:121,0
DA:124,0
DA:127,0
DA:130,0
DA:133,0
DA:136,0
DA:139,0
DA:142,0
DA:145,0
DA:148,0
DA:151,0
DA:155,0
DA:159,0
DA:163,0
DA:166,0
DA:169,0
DA:172,0
DA:175,0
DA:178,0
DA:181,0
DA:184,0
DA:187,0
DA:190,0
DA:193,0
DA:196,0
DA:199,0
DA:202,0
DA:205,0
DA:208,0
DA:211,0
DA:214,0
DA:217,0
DA:220,0
DA:223,0
DA:226,0
DA:229,0
DA:232,0
DA:235,0
DA:238,0
DA:240,0
DA:242,0
DA:250,0
DA:253,0
DA:256,0
DA:260,0
DA:264,0
DA:267,0
DA:271,0
DA:275,0
DA:278,0
DA:282,0
DA:286,0
DA:289,0
DA:292,0
DA:295,0
DA:298,0
DA:301,0
DA:304,0
DA:307,0
DA:310,0
LF:90
LH:5
end_of_record
SF:lib\src\core\l10n\generated\app_localizations_it.dart
DA:9,0
DA:11,0
DA:14,0
DA:17,0
DA:20,0
DA:23,0
DA:26,0
DA:29,0
DA:32,0
DA:35,0
DA:38,0
DA:41,0
DA:45,0
DA:48,0
DA:52,0
DA:55,0
DA:58,0
DA:60,0
DA:62,0
DA:71,0
DA:74,0
DA:77,0
DA:80,0
DA:83,0
DA:85,0
DA:87,0
DA:110,0
DA:113,0
DA:116,0
DA:119,0
DA:122,0
DA:125,0
DA:128,0
DA:131,0
DA:134,0
DA:137,0
DA:140,0
DA:143,0
DA:146,0
DA:149,0
DA:152,0
DA:156,0
DA:160,0
DA:164,0
DA:168,0
DA:171,0
DA:174,0
DA:177,0
DA:181,0
DA:184,0
DA:187,0
DA:190,0
DA:193,0
DA:196,0
DA:199,0
DA:202,0
DA:205,0
DA:208,0
DA:211,0
DA:214,0
DA:217,0
DA:220,0
DA:223,0
DA:226,0
DA:229,0
DA:232,0
DA:235,0
DA:238,0
DA:241,0
DA:243,0
DA:245,0
DA:253,0
DA:256,0
DA:260,0
DA:264,0
DA:268,0
DA:272,0
DA:276,0
DA:280,0
DA:283,0
DA:287,0
DA:291,0
DA:295,0
DA:298,0
DA:301,0
DA:304,0
DA:307,0
DA:310,0
DA:313,0
DA:316,0
LF:90
LH:0
end_of_record
SF:lib\src\core\utils\parser.dart
DA:4,2
DA:5,3
DA:6,1
DA:10,2
DA:11,3
DA:12,1
LF:6
LH:6
end_of_record
SF:lib\src\interfaces\settings_item.dart
DA:6,20
LF:1
LH:1
end_of_record
SF:lib\src\view\view_models\accessibility_settings_view_model.dart
DA:16,4
DA:19,4
DA:27,4
DA:32,4
DA:33,4
DA:34,4
DA:35,4
DA:46,6
DA:49,6
DA:52,8
DA:55,6
DA:58,3
DA:59,6
DA:60,6
DA:61,6
DA:62,6
DA:66,6
DA:74,3
DA:75,3
DA:76,3
DA:77,3
DA:78,3
DA:79,3
DA:80,3
DA:86,3
DA:87,15
DA:94,3
DA:97,15
DA:106,3
DA:110,3
DA:112,21
DA:113,3
DA:114,3
DA:115,15
DA:122,3
DA:123,15
DA:124,3
DA:130,3
DA:131,15
DA:132,3
DA:138,3
DA:139,15
DA:146,4
DA:147,20
DA:154,4
DA:155,20
DA:162,3
DA:163,15
DA:169,3
DA:176,6
DA:179,6
DA:182,6
DA:185,6
DA:190,1
DA:196,1
DA:197,2
DA:198,2
DA:199,2
DA:200,2
DA:203,3
DA:208,3
DA:209,15
DA:210,5
DA:211,5
DA:212,5
DA:215,1
DA:217,4
DA:218,4
DA:219,4
DA:220,3
DA:222,1
DA:223,1
DA:224,2
DA:225,2
DA:226,2
DA:227,2
LF:76
LH:76
end_of_record
SF:lib\src\view\providers\shared_preferences_inherited.dart
DA:12,3
DA:21,1
DA:22,2
DA:28,1
DA:31,2
DA:36,1
DA:37,2
DA:42,1
DA:45,2
DA:52,1
DA:53,2
DA:58,1
DA:59,2
DA:64,1
DA:67,2
DA:72,1
DA:75,2
DA:83,1
DA:84,2
DA:89,1
DA:90,2
DA:95,1
DA:98,2
DA:104,1
DA:105,2
DA:110,1
DA:113,2
DA:121,1
DA:122,2
DA:127,1
DA:130,2
DA:138,1
DA:139,2
DA:144,1
DA:147,2
DA:154,1
DA:157,2
DA:164,1
DA:165,2
DA:170,1
DA:173,2
DA:180,1
DA:181,2
DA:186,1
DA:189,2
DA:194,1
DA:195,2
DA:200,1
DA:203,2
DA:210,1
DA:211,2
DA:218,1
DA:219,2
DA:222,1
DA:223,2
DA:228,1
DA:231,2
DA:235,1
DA:237,1
DA:238,1
DA:242,1
LF:61
LH:61
end_of_record
SF:lib\src\view\widgets\components\circle_color.dart
DA:25,0
DA:34,0
DA:38,0
DA:39,0
DA:40,0
DA:41,0
DA:42,0
DA:44,0
DA:45,0
DA:46,0
DA:47,0
DA:48,0
DA:49,0
DA:50,0
DA:51,0
DA:52,0
LF:16
LH:0
end_of_record
SF:lib\src\view\widgets\components\color_picker.dart
DA:34,0
DA:43,0
DA:44,0
DA:59,0
DA:60,0
DA:61,0
DA:63,0
DA:65,0
DA:66,0
DA:73,0
DA:74,0
DA:75,0
DA:78,0
DA:79,0
DA:80,0
DA:81,0
DA:82,0
DA:83,0
DA:87,0
DA:88,0
DA:89,0
DA:94,0
DA:98,0
DA:99,0
DA:106,0
DA:107,0
DA:108,0
DA:109,0
DA:111,0
DA:115,0
DA:116,0
DA:117,0
DA:121,0
DA:122,0
DA:123,0
DA:127,0
DA:128,0
DA:129,0
DA:130,0
DA:133,0
DA:134,0
DA:135,0
DA:141,0
DA:142,0
DA:143,0
DA:144,0
DA:146,0
DA:147,0
DA:148,0
DA:150,0
DA:153,0
DA:154,0
DA:155,0
DA:158,0
DA:159,0
DA:161,0
DA:162,0
DA:163,0
DA:165,0
DA:166,0
DA:167,0
DA:168,0
DA:173,0
DA:175,0
DA:176,0
DA:178,0
DA:181,0
DA:183,0
DA:184,0
DA:186,0
DA:188,0
DA:189,0
DA:190,0
DA:192,0
DA:193,0
DA:194,0
DA:195,0
LF:77
LH:0
end_of_record
SF:lib\src\view\widgets\components\settings_item_card.dart
DA:23,0
DA:31,0
DA:32,0
DA:33,0
DA:35,0
DA:36,0
DA:37,0
DA:38,0
DA:39,0
DA:40,0
DA:41,0
DA:42,0
DA:43,0
DA:45,0
DA:46,0
DA:49,0
DA:50,0
DA:51,0
DA:53,0
DA:58,0
DA:59,0
DA:60,0
DA:61,0
DA:63,0
DA:64,0
DA:65,0
LF:26
LH:0
end_of_record
SF:lib\src\view\widgets\components\settings_item_container.dart
DA:26,20
DA:33,0
DA:34,0
DA:35,0
DA:36,0
DA:37,0
DA:38,0
DA:39,0
DA:40,0
DA:41,0
DA:42,0
DA:43,0
DA:46,0
DA:47,0
DA:48,0
DA:52,0
DA:57,0
DA:58,0
DA:59,0
DA:63,0
LF:20
LH:1
end_of_record
SF:lib\src\view\widgets\components\settings_item_expansion_tile_switch.dart
DA:25,0
DA:33,0
DA:34,0
DA:35,0
DA:36,0
DA:37,0
DA:38,0
DA:40,0
DA:41,0
DA:42,0
DA:43,0
DA:45,0
DA:46,0
DA:47,0
DA:49,0
DA:53,0
DA:57,0
DA:58,0
LF:18
LH:0
end_of_record
SF:lib\src\view\widgets\components\settings_item_list_tile_slider.dart
DA:21,0
DA:28,0
DA:29,0
DA:30,0
DA:31,0
DA:32,0
DA:33,0
DA:34,0
DA:38,0
DA:39,0
DA:40,0
DA:43,0
DA:44,0
DA:45,0
DA:48,0
LF:15
LH:0
end_of_record
SF:lib\src\view\widgets\components\settings_item_list_tile_switch.dart
DA:24,0
DA:32,0
DA:33,0
DA:34,0
DA:35,0
DA:36,0
DA:39,0
DA:40,0
DA:44,0
DA:45,0
DA:46,0
DA:47,0
DA:48,0
DA:55,0
DA:56,0
DA:57,0
DA:58,0
DA:64,0
DA:65,0
DA:66,0
DA:68,0
LF:21
LH:0
end_of_record
SF:lib\src\view\widgets\components\settings_item_multi_selection_card.dart
DA:30,0
DA:40,0
DA:42,0
DA:51,0
DA:53,0
DA:54,0
DA:55,0
DA:58,0
DA:59,0
DA:60,0
DA:61,0
DA:62,0
DA:63,0
DA:66,0
DA:67,0
DA:68,0
DA:69,0
DA:70,0
DA:72,0
DA:73,0
DA:76,0
DA:77,0
DA:78,0
DA:79,0
DA:80,0
DA:86,0
DA:87,0
DA:88,0
DA:89,0
DA:90,0
DA:91,0
DA:92,0
DA:101,0
DA:103,0
DA:107,0
DA:108,0
DA:109,0
DA:111,0
DA:112,0
DA:113,0
DA:114,0
DA:115,0
DA:116,0
DA:117,0
DA:118,0
LF:45
LH:0
end_of_record
SF:lib\src\view\widgets\components\settings_item_row.dart
DA:18,0
DA:24,0
DA:25,0
DA:27,0
DA:28,0
DA:29,0
DA:30,0
DA:31,0
DA:35,0
DA:36,0
DA:37,0
DA:38,0
LF:12
LH:0
end_of_record
SF:lib\src\view\widgets\settings\accessibility_settings_group.dart
DA:32,20
DA:36,0
DA:37,0
DA:39,0
DA:40,0
DA:41,0
DA:42,0
DA:43,0
DA:44,0
DA:45,0
DA:46,0
DA:48,0
DA:53,0
DA:54,0
DA:55,0
DA:57,0
DA:59,0
DA:64,0
DA:65,0
DA:66,0
DA:68,0
DA:70,0
DA:75,0
DA:76,0
DA:78,0
DA:79,0
DA:82,0
DA:83,0
DA:85,0
DA:86,0
DA:91,0
DA:92,0
DA:93,0
DA:95,0
DA:96,0
DA:97,0
DA:101,0
DA:102,0
DA:103,0
DA:106,0
DA:107,0
DA:108,0
DA:113,0
DA:114,0
DA:115,0
DA:116,0
DA:117,0
DA:118,0
DA:119,0
DA:120,0
DA:121,0
DA:125,0
DA:126,0
DA:130,0
DA:131,0
DA:137,0
DA:138,0
DA:139,0
DA:140,0
DA:143,0
DA:144,0
DA:145,0
DA:146,0
DA:149,0
DA:150,0
DA:151,0
DA:152,0
DA:155,0
DA:156,0
DA:157,0
DA:158,0
DA:161,0
DA:162,0
DA:163,0
DA:164,0
LF:75
LH:1
end_of_record
SF:lib\src\view\widgets\settings\color\color_pages_background_settings_item.dart
DA:15,20
DA:17,0
DA:19,0
DA:27,0
DA:29,0
DA:30,0
DA:31,0
DA:34,0
DA:35,0
DA:36,0
DA:37,0
DA:41,0
DA:42,0
DA:43,0
DA:45,0
DA:46,0
DA:51,0
DA:52,0
DA:53,0
DA:54,0
DA:56,0
DA:57,0
DA:59,0
DA:60,0
DA:61,0
DA:62,0
LF:26
LH:1
end_of_record
SF:lib\src\view\widgets\settings\color\color_profile_settings_item.dart
DA:15,20
DA:19,0
DA:21,0
DA:29,0
DA:31,0
DA:32,0
DA:33,0
DA:36,0
DA:38,0
DA:39,0
DA:40,0
DA:41,0
DA:43,0
DA:44,0
DA:47,0
DA:48,0
DA:49,0
DA:50,0
DA:51,0
DA:53,0
DA:54,0
DA:55,0
DA:57,0
DA:58,0
DA:60,0
DA:61,0
DA:62,0
DA:63,0
DA:64,0
DA:65,0
DA:67,0
DA:70,0
DA:71,0
DA:72,0
LF:34
LH:1
end_of_record
SF:lib\src\view\widgets\settings\color\color_text_settings_item.dart
DA:15,20
DA:17,0
DA:18,0
DA:25,0
DA:27,0
DA:28,0
DA:29,0
DA:33,0
DA:34,0
DA:35,0
DA:36,0
DA:41,0
DA:42,0
DA:43,0
DA:45,0
DA:46,0
DA:51,0
DA:52,0
DA:53,0
DA:54,0
DA:56,0
DA:57,0
DA:59,0
DA:60,0
DA:61,0
DA:62,0
LF:26
LH:1
end_of_record
SF:lib\src\view\widgets\settings\text\text_align_settings_item.dart
DA:23,0
DA:30,0
DA:31,0
DA:38,0
DA:40,0
DA:41,0
DA:42,0
DA:45,0
DA:47,0
DA:48,0
DA:50,0
DA:51,0
DA:52,0
DA:53,0
DA:54,0
DA:55,0
DA:56,0
DA:57,0
DA:59,0
DA:61,0
DA:63,0
DA:64,0
DA:65,0
LF:23
LH:0
end_of_record
SF:lib\src\view\widgets\settings\text\text_font_weight_settings_item.dart
DA:12,20
DA:14,0
DA:16,0
DA:24,0
DA:26,0
DA:27,0
DA:28,0
DA:31,0
DA:32,0
DA:33,0
DA:34,0
DA:35,0
DA:36,0
DA:37,0
DA:38,0
DA:39,0
DA:40,0
DA:41,0
LF:18
LH:1
end_of_record
SF:lib\src\view\widgets\settings\text\text_letter_spacing_settings_item.dart
DA:14,20
DA:16,0
DA:18,0
DA:31,0
DA:33,0
DA:34,0
DA:35,0
DA:38,0
DA:39,0
DA:41,0
DA:42,0
DA:43,0
DA:47,0
DA:48,0
DA:49,0
DA:57,0
DA:58,0
DA:59,0
DA:60,0
DA:61,0
DA:65,0
DA:67,0
DA:68,0
DA:70,0
DA:71,0
DA:72,0
DA:73,0
DA:74,0
DA:75,0
DA:77,0
DA:79,0
DA:83,0
DA:84,0
DA:85,0
DA:86,0
DA:87,0
DA:88,0
DA:89,0
DA:90,0
DA:92,0
DA:100,0
DA:101,0
DA:102,0
DA:103,0
DA:104,0
DA:105,0
DA:106,0
DA:107,0
DA:109,0
DA:110,0
DA:112,0
DA:113,0
DA:114,0
DA:121,0
DA:122,0
DA:123,0
DA:124,0
DA:125,0
DA:127,0
DA:129,0
LF:60
LH:1
end_of_record
SF:lib\src\view\widgets\settings\text\text_line_height_settings_item.dart
DA:14,20
DA:16,0
DA:18,0
DA:31,0
DA:33,0
DA:34,0
DA:35,0
DA:38,0
DA:39,0
DA:43,0
DA:44,0
DA:45,0
DA:49,0
DA:50,0
DA:51,0
DA:59,0
DA:60,0
DA:61,0
DA:62,0
DA:63,0
DA:67,0
DA:69,0
DA:70,0
DA:72,0
DA:73,0
DA:74,0
DA:75,0
DA:76,0
DA:77,0
DA:79,0
DA:81,0
DA:85,0
DA:86,0
DA:87,0
DA:88,0
DA:89,0
DA:90,0
DA:91,0
DA:92,0
DA:94,0
DA:102,0
DA:103,0
DA:104,0
DA:105,0
DA:106,0
DA:107,0
DA:108,0
DA:109,0
DA:110,0
DA:112,0
DA:113,0
DA:114,0
DA:115,0
DA:122,0
DA:123,0
DA:124,0
DA:125,0
DA:126,0
DA:128,0
DA:130,0
LF:60
LH:1
end_of_record
SF:lib\src\view\widgets\settings\text\text_scale_factor_settings_item.dart
DA:14,20
DA:16,0
DA:18,0
DA:31,0
DA:33,0
DA:34,0
DA:35,0
DA:38,0
DA:39,0
DA:43,0
DA:44,0
DA:45,0
DA:49,0
DA:50,0
DA:51,0
DA:59,0
DA:60,0
DA:61,0
DA:62,0
DA:63,0
DA:67,0
DA:69,0
DA:70,0
DA:72,0
DA:73,0
DA:74,0
DA:75,0
DA:76,0
DA:77,0
DA:79,0
DA:81,0
DA:85,0
DA:86,0
DA:87,0
DA:88,0
DA:89,0
DA:90,0
DA:91,0
DA:92,0
DA:94,0
DA:102,0
DA:103,0
DA:104,0
DA:105,0
DA:106,0
DA:107,0
DA:108,0
DA:109,0
DA:110,0
DA:112,0
DA:113,0
DA:114,0
DA:115,0
DA:122,0
DA:123,0
DA:124,0
DA:125,0
DA:126,0
DA:128,0
DA:130,0
LF:60
LH:1
end_of_record
SF:lib\src\view\widgets\settings\text\text_word_spacing_settings_item.dart
DA:14,20
DA:16,0
DA:18,0
DA:31,0
DA:33,0
DA:34,0
DA:35,0
DA:38,0
DA:39,0
DA:43,0
DA:44,0
DA:45,0
DA:49,0
DA:50,0
DA:51,0
DA:59,0
DA:60,0
DA:61,0
DA:62,0
DA:63,0
DA:67,0
DA:69,0
DA:70,0
DA:72,0
DA:73,0
DA:74,0
DA:75,0
DA:76,0
DA:77,0
DA:79,0
DA:81,0
DA:85,0
DA:86,0
DA:87,0
DA:88,0
DA:89,0
DA:90,0
DA:91,0
DA:92,0
DA:94,0
DA:102,0
DA:103,0
DA:104,0
DA:105,0
DA:106,0
DA:107,0
DA:108,0
DA:109,0
DA:110,0
DA:112,0
DA:113,0
DA:114,0
DA:115,0
DA:122,0
DA:123,0
DA:124,0
DA:125,0
DA:126,0
DA:128,0
DA:130,0
LF:60
LH:1
end_of_record
SF:lib\src\view\widgets\settings\theme\effects_mode_settings_item.dart
DA:10,20
DA:12,0
DA:14,0
DA:21,0
DA:23,0
DA:24,0
DA:25,0
DA:28,0
DA:29,0
DA:33,0
DA:34,0
DA:35,0
DA:36,0
DA:37,0
DA:38,0
DA:39,0
DA:41,0
DA:42,0
DA:43,0
DA:44,0
DA:45,0
LF:21
LH:1
end_of_record
SF:lib\src\view\widgets\settings\theme\theme_mode_settings_item.dart
DA:10,20
DA:12,0
DA:13,0
DA:20,0
DA:22,0
DA:23,0
DA:24,0
DA:27,0
DA:28,0
DA:32,0
DA:33,0
DA:34,0
DA:35,0
DA:36,0
DA:37,0
DA:38,0
DA:39,0
DA:40,0
DA:42,0
DA:43,0
LF:20
LH:1
end_of_record
SF:lib\src\view\widgets\settings\theme\theme_profile_settings_item.dart
DA:17,20
DA:22,0
DA:23,0
DA:30,0
DA:32,0
DA:33,0
DA:34,0
DA:38,0
DA:44,0
DA:45,0
DA:46,0
DA:47,0
DA:50,0
DA:51,0
DA:52,0
DA:53,0
DA:54,0
DA:55,0
DA:56,0
DA:57,0
DA:58,0
DA:59,0
DA:60,0
DA:62,0
DA:63,0
DA:64,0
DA:65,0
DA:70,0
DA:72,0
DA:73,0
DA:74,0
DA:75,0
LF:32
LH:1
end_of_record
SF:lib\src\view\widgets\shared\theme_settings_builder.dart
DA:26,2
DA:31,2
DA:32,2
DA:38,2
DA:40,2
DA:41,6
DA:44,2
DA:46,4
DA:47,2
DA:50,2
DA:51,2
DA:52,4
DA:53,4
DA:54,4
DA:55,4
DA:56,2
DA:57,2
DA:58,4
DA:59,8
LF:19
LH:19
end_of_record
